<?xml version="1.0" encoding="UTF-8"?>
<testng-results ignored="0" total="1" passed="1" failed="0" skipped="0">
  <reporter-output>
  </reporter-output>
  <suite started-at="2025-10-23T11:21:28 IST" name="Suite" finished-at="2025-10-23T11:24:25 IST" duration-ms="176768">
    <groups>
    </groups>
    <test started-at="2025-10-23T11:21:28 IST" name="Login" finished-at="2025-10-23T11:24:25 IST" duration-ms="176768">
      <class name="com.test.LoginTest">
        <test-method is-config="true" signature="setup()[pri:0, instance:com.test.LoginTest@6f53b8a]" started-at="2025-10-23T11:21:28 IST" name="setup" finished-at="2025-10-23T11:21:34 IST" duration-ms="5932" status="PASS">
          <reporter-output>
          </reporter-output>
        </test-method> <!-- setup -->
        <test-method signature="testValidLogin()[pri:0, instance:com.test.LoginTest@6f53b8a]" started-at="2025-10-23T11:21:34 IST" name="testValidLogin" finished-at="2025-10-23T11:24:24 IST" duration-ms="169769" status="PASS">
          <reporter-output>
          </reporter-output>
        </test-method> <!-- testValidLogin -->
        <test-method is-config="true" signature="tearDown()[pri:0, instance:com.test.LoginTest@6f53b8a]" started-at="2025-10-23T11:24:24 IST" name="tearDown" finished-at="2025-10-23T11:24:25 IST" duration-ms="386" status="PASS">
          <reporter-output>
          </reporter-output>
        </test-method> <!-- tearDown -->
      </class> <!-- com.test.LoginTest -->
    </test> <!-- Login -->
  </suite> <!-- Suite -->
</testng-results>
