<?xml version="1.0" encoding="UTF-8"?>
<testng-results ignored="0" total="1" passed="1" failed="0" skipped="0">
  <reporter-output>
  </reporter-output>
  <suite started-at="2025-10-15T10:33:54 IST" name="Suite" finished-at="2025-10-15T10:36:43 IST" duration-ms="168979">
    <groups>
    </groups>
    <test started-at="2025-10-15T10:33:54 IST" name="Login" finished-at="2025-10-15T10:36:43 IST" duration-ms="168979">
      <class name="com.test.LoginTest">
        <test-method is-config="true" signature="setup()[pri:0, instance:com.test.LoginTest@2f9f7dcf]" started-at="2025-10-15T10:33:54 IST" name="setup" finished-at="2025-10-15T10:33:58 IST" duration-ms="3793" status="PASS">
          <reporter-output>
          </reporter-output>
        </test-method> <!-- setup -->
        <test-method signature="testValidLogin()[pri:0, instance:com.test.LoginTest@2f9f7dcf]" started-at="2025-10-15T10:33:58 IST" name="testValidLogin" finished-at="2025-10-15T10:36:43 IST" duration-ms="164954" status="PASS">
          <reporter-output>
          </reporter-output>
        </test-method> <!-- testValidLogin -->
        <test-method is-config="true" signature="tearDown()[pri:0, instance:com.test.LoginTest@2f9f7dcf]" started-at="2025-10-15T10:36:43 IST" name="tearDown" finished-at="2025-10-15T10:36:43 IST" duration-ms="198" status="PASS">
          <reporter-output>
          </reporter-output>
        </test-method> <!-- tearDown -->
      </class> <!-- com.test.LoginTest -->
    </test> <!-- Login -->
  </suite> <!-- Suite -->
</testng-results>
